<?xml version="1.0" encoding="UTF-8"?>
<!-- Generated by org.testng.reporters.JUnitReportReporter -->
<testsuite skipped="1" hostname="com-umesh" name="Com.DataDriventesting.testdatawithdataprovider" tests="1" failures="0" timestamp="04 Feb 2020 17:12:02 GMT" time="0.000" errors="0">
  <testcase name="instanceDbProvider" time="0.000" classname="Com.DataDriventesting.testdatawithdataprovider">
    <skipped/>
  </testcase> <!-- instanceDbProvider -->
</testsuite> <!-- Com.DataDriventesting.testdatawithdataprovider -->
